Determining if the pthread_create exist failed with the following output:
Change Dir: /home/rvmi/catkin_ws/build/gazebo_plugins/CMakeFiles/CMakeTmp

Run Build Command:"/usr/bin/make" "cmTC_ad781/fast"
/usr/bin/make -f CMakeFiles/cmTC_ad781.dir/build.make CMakeFiles/cmTC_ad781.dir/build
make[1]: Entering directory '/home/rvmi/catkin_ws/build/gazebo_plugins/CMakeFiles/CMakeTmp'
Building C object CMakeFiles/cmTC_ad781.dir/CheckSymbolExists.c.o
/usr/bin/cc     -o CMakeFiles/cmTC_ad781.dir/CheckSymbolExists.c.o   -c /home/rvmi/catkin_ws/build/gazebo_plugins/CMakeFiles/CMakeTmp/CheckSymbolExists.c
Linking C executable cmTC_ad781
/usr/bin/cmake -E cmake_link_script CMakeFiles/cmTC_ad781.dir/link.txt --verbose=1
/usr/bin/cc       CMakeFiles/cmTC_ad781.dir/CheckSymbolExists.c.o  -o cmTC_ad781 -rdynamic 
CMakeFiles/cmTC_ad781.dir/CheckSymbolExists.c.o: In function `main':
CheckSymbolExists.c:(.text+0x16): undefined reference to `pthread_create'
collect2: error: ld returned 1 exit status
CMakeFiles/cmTC_ad781.dir/build.make:97: recipe for target 'cmTC_ad781' failed
make[1]: *** [cmTC_ad781] Error 1
make[1]: Leaving directory '/home/rvmi/catkin_ws/build/gazebo_plugins/CMakeFiles/CMakeTmp'
Makefile:126: recipe for target 'cmTC_ad781/fast' failed
make: *** [cmTC_ad781/fast] Error 2

File /home/rvmi/catkin_ws/build/gazebo_plugins/CMakeFiles/CMakeTmp/CheckSymbolExists.c:
/* */
#include <pthread.h>

int main(int argc, char** argv)
{
  (void)argv;
#ifndef pthread_create
  return ((int*)(&pthread_create))[argc];
#else
  (void)argc;
  return 0;
#endif
}

Determining if the function pthread_create exists in the pthreads failed with the following output:
Change Dir: /home/rvmi/catkin_ws/build/gazebo_plugins/CMakeFiles/CMakeTmp

Run Build Command:"/usr/bin/make" "cmTC_5ac7d/fast"
/usr/bin/make -f CMakeFiles/cmTC_5ac7d.dir/build.make CMakeFiles/cmTC_5ac7d.dir/build
make[1]: Entering directory '/home/rvmi/catkin_ws/build/gazebo_plugins/CMakeFiles/CMakeTmp'
Building C object CMakeFiles/cmTC_5ac7d.dir/CheckFunctionExists.c.o
/usr/bin/cc    -DCHECK_FUNCTION_EXISTS=pthread_create   -o CMakeFiles/cmTC_5ac7d.dir/CheckFunctionExists.c.o   -c /usr/share/cmake-3.5/Modules/CheckFunctionExists.c
Linking C executable cmTC_5ac7d
/usr/bin/cmake -E cmake_link_script CMakeFiles/cmTC_5ac7d.dir/link.txt --verbose=1
/usr/bin/cc   -DCHECK_FUNCTION_EXISTS=pthread_create    CMakeFiles/cmTC_5ac7d.dir/CheckFunctionExists.c.o  -o cmTC_5ac7d -rdynamic -lpthreads 
/usr/bin/ld: cannot find -lpthreads
collect2: error: ld returned 1 exit status
CMakeFiles/cmTC_5ac7d.dir/build.make:97: recipe for target 'cmTC_5ac7d' failed
make[1]: *** [cmTC_5ac7d] Error 1
make[1]: Leaving directory '/home/rvmi/catkin_ws/build/gazebo_plugins/CMakeFiles/CMakeTmp'
Makefile:126: recipe for target 'cmTC_5ac7d/fast' failed
make: *** [cmTC_5ac7d/fast] Error 2


