Determining if the pthread_create exist failed with the following output:
Change Dir: /home/rvmi/catkin_ws/build/vikit_common/CMakeFiles/CMakeTmp

Run Build Command:"/usr/bin/make" "cmTC_83b21/fast"
/usr/bin/make -f CMakeFiles/cmTC_83b21.dir/build.make CMakeFiles/cmTC_83b21.dir/build
make[1]: Entering directory '/home/rvmi/catkin_ws/build/vikit_common/CMakeFiles/CMakeTmp'
Building C object CMakeFiles/cmTC_83b21.dir/CheckSymbolExists.c.o
/usr/bin/cc     -o CMakeFiles/cmTC_83b21.dir/CheckSymbolExists.c.o   -c /home/rvmi/catkin_ws/build/vikit_common/CMakeFiles/CMakeTmp/CheckSymbolExists.c
Linking C executable cmTC_83b21
/usr/bin/cmake -E cmake_link_script CMakeFiles/cmTC_83b21.dir/link.txt --verbose=1
/usr/bin/cc       CMakeFiles/cmTC_83b21.dir/CheckSymbolExists.c.o  -o cmTC_83b21 -rdynamic 
CMakeFiles/cmTC_83b21.dir/CheckSymbolExists.c.o: In function `main':
CheckSymbolExists.c:(.text+0x16): undefined reference to `pthread_create'
collect2: error: ld returned 1 exit status
CMakeFiles/cmTC_83b21.dir/build.make:97: recipe for target 'cmTC_83b21' failed
make[1]: *** [cmTC_83b21] Error 1
make[1]: Leaving directory '/home/rvmi/catkin_ws/build/vikit_common/CMakeFiles/CMakeTmp'
Makefile:126: recipe for target 'cmTC_83b21/fast' failed
make: *** [cmTC_83b21/fast] Error 2

File /home/rvmi/catkin_ws/build/vikit_common/CMakeFiles/CMakeTmp/CheckSymbolExists.c:
/* */
#include <pthread.h>

int main(int argc, char** argv)
{
  (void)argv;
#ifndef pthread_create
  return ((int*)(&pthread_create))[argc];
#else
  (void)argc;
  return 0;
#endif
}

Determining if the function pthread_create exists in the pthreads failed with the following output:
Change Dir: /home/rvmi/catkin_ws/build/vikit_common/CMakeFiles/CMakeTmp

Run Build Command:"/usr/bin/make" "cmTC_752d3/fast"
/usr/bin/make -f CMakeFiles/cmTC_752d3.dir/build.make CMakeFiles/cmTC_752d3.dir/build
make[1]: Entering directory '/home/rvmi/catkin_ws/build/vikit_common/CMakeFiles/CMakeTmp'
Building C object CMakeFiles/cmTC_752d3.dir/CheckFunctionExists.c.o
/usr/bin/cc    -DCHECK_FUNCTION_EXISTS=pthread_create   -o CMakeFiles/cmTC_752d3.dir/CheckFunctionExists.c.o   -c /usr/share/cmake-3.5/Modules/CheckFunctionExists.c
Linking C executable cmTC_752d3
/usr/bin/cmake -E cmake_link_script CMakeFiles/cmTC_752d3.dir/link.txt --verbose=1
/usr/bin/cc   -DCHECK_FUNCTION_EXISTS=pthread_create    CMakeFiles/cmTC_752d3.dir/CheckFunctionExists.c.o  -o cmTC_752d3 -rdynamic -lpthreads 
/usr/bin/ld: cannot find -lpthreads
collect2: error: ld returned 1 exit status
CMakeFiles/cmTC_752d3.dir/build.make:97: recipe for target 'cmTC_752d3' failed
make[1]: *** [cmTC_752d3] Error 1
make[1]: Leaving directory '/home/rvmi/catkin_ws/build/vikit_common/CMakeFiles/CMakeTmp'
Makefile:126: recipe for target 'cmTC_752d3/fast' failed
make: *** [cmTC_752d3/fast] Error 2


