Determining if the pthread_create exist failed with the following output:
Change Dir: /home/rvmi/catkin_ws/build/catkin_tools_prebuild/CMakeFiles/CMakeTmp

Run Build Command:"/usr/bin/make" "cmTC_7a285/fast"
/usr/bin/make -f CMakeFiles/cmTC_7a285.dir/build.make CMakeFiles/cmTC_7a285.dir/build
make[1]: Entering directory '/home/rvmi/catkin_ws/build/catkin_tools_prebuild/CMakeFiles/CMakeTmp'
Building C object CMakeFiles/cmTC_7a285.dir/CheckSymbolExists.c.o
/usr/bin/cc     -o CMakeFiles/cmTC_7a285.dir/CheckSymbolExists.c.o   -c /home/rvmi/catkin_ws/build/catkin_tools_prebuild/CMakeFiles/CMakeTmp/CheckSymbolExists.c
Linking C executable cmTC_7a285
/usr/bin/cmake -E cmake_link_script CMakeFiles/cmTC_7a285.dir/link.txt --verbose=1
/usr/bin/cc       CMakeFiles/cmTC_7a285.dir/CheckSymbolExists.c.o  -o cmTC_7a285 -rdynamic 
CMakeFiles/cmTC_7a285.dir/CheckSymbolExists.c.o: In function `main':
CheckSymbolExists.c:(.text+0x16): undefined reference to `pthread_create'
collect2: error: ld returned 1 exit status
CMakeFiles/cmTC_7a285.dir/build.make:97: recipe for target 'cmTC_7a285' failed
make[1]: *** [cmTC_7a285] Error 1
make[1]: Leaving directory '/home/rvmi/catkin_ws/build/catkin_tools_prebuild/CMakeFiles/CMakeTmp'
Makefile:126: recipe for target 'cmTC_7a285/fast' failed
make: *** [cmTC_7a285/fast] Error 2

File /home/rvmi/catkin_ws/build/catkin_tools_prebuild/CMakeFiles/CMakeTmp/CheckSymbolExists.c:
/* */
#include <pthread.h>

int main(int argc, char** argv)
{
  (void)argv;
#ifndef pthread_create
  return ((int*)(&pthread_create))[argc];
#else
  (void)argc;
  return 0;
#endif
}

Determining if the function pthread_create exists in the pthreads failed with the following output:
Change Dir: /home/rvmi/catkin_ws/build/catkin_tools_prebuild/CMakeFiles/CMakeTmp

Run Build Command:"/usr/bin/make" "cmTC_d3f4f/fast"
/usr/bin/make -f CMakeFiles/cmTC_d3f4f.dir/build.make CMakeFiles/cmTC_d3f4f.dir/build
make[1]: Entering directory '/home/rvmi/catkin_ws/build/catkin_tools_prebuild/CMakeFiles/CMakeTmp'
Building C object CMakeFiles/cmTC_d3f4f.dir/CheckFunctionExists.c.o
/usr/bin/cc    -DCHECK_FUNCTION_EXISTS=pthread_create   -o CMakeFiles/cmTC_d3f4f.dir/CheckFunctionExists.c.o   -c /usr/share/cmake-3.5/Modules/CheckFunctionExists.c
Linking C executable cmTC_d3f4f
/usr/bin/cmake -E cmake_link_script CMakeFiles/cmTC_d3f4f.dir/link.txt --verbose=1
/usr/bin/cc   -DCHECK_FUNCTION_EXISTS=pthread_create    CMakeFiles/cmTC_d3f4f.dir/CheckFunctionExists.c.o  -o cmTC_d3f4f -rdynamic -lpthreads 
/usr/bin/ld: cannot find -lpthreads
collect2: error: ld returned 1 exit status
CMakeFiles/cmTC_d3f4f.dir/build.make:97: recipe for target 'cmTC_d3f4f' failed
make[1]: *** [cmTC_d3f4f] Error 1
make[1]: Leaving directory '/home/rvmi/catkin_ws/build/catkin_tools_prebuild/CMakeFiles/CMakeTmp'
Makefile:126: recipe for target 'cmTC_d3f4f/fast' failed
make: *** [cmTC_d3f4f/fast] Error 2


