Determining if the pthread_create exist failed with the following output:
Change Dir: /home/rvmi/catkin_ws/build/gazebo_ros_control/CMakeFiles/CMakeTmp

Run Build Command:"/usr/bin/make" "cmTC_e5ddf/fast"
/usr/bin/make -f CMakeFiles/cmTC_e5ddf.dir/build.make CMakeFiles/cmTC_e5ddf.dir/build
make[1]: Entering directory '/home/rvmi/catkin_ws/build/gazebo_ros_control/CMakeFiles/CMakeTmp'
Building C object CMakeFiles/cmTC_e5ddf.dir/CheckSymbolExists.c.o
/usr/bin/cc     -o CMakeFiles/cmTC_e5ddf.dir/CheckSymbolExists.c.o   -c /home/rvmi/catkin_ws/build/gazebo_ros_control/CMakeFiles/CMakeTmp/CheckSymbolExists.c
Linking C executable cmTC_e5ddf
/usr/bin/cmake -E cmake_link_script CMakeFiles/cmTC_e5ddf.dir/link.txt --verbose=1
/usr/bin/cc       CMakeFiles/cmTC_e5ddf.dir/CheckSymbolExists.c.o  -o cmTC_e5ddf -rdynamic 
CMakeFiles/cmTC_e5ddf.dir/CheckSymbolExists.c.o: In function `main':
CheckSymbolExists.c:(.text+0x16): undefined reference to `pthread_create'
collect2: error: ld returned 1 exit status
CMakeFiles/cmTC_e5ddf.dir/build.make:97: recipe for target 'cmTC_e5ddf' failed
make[1]: *** [cmTC_e5ddf] Error 1
make[1]: Leaving directory '/home/rvmi/catkin_ws/build/gazebo_ros_control/CMakeFiles/CMakeTmp'
Makefile:126: recipe for target 'cmTC_e5ddf/fast' failed
make: *** [cmTC_e5ddf/fast] Error 2

File /home/rvmi/catkin_ws/build/gazebo_ros_control/CMakeFiles/CMakeTmp/CheckSymbolExists.c:
/* */
#include <pthread.h>

int main(int argc, char** argv)
{
  (void)argv;
#ifndef pthread_create
  return ((int*)(&pthread_create))[argc];
#else
  (void)argc;
  return 0;
#endif
}

Determining if the function pthread_create exists in the pthreads failed with the following output:
Change Dir: /home/rvmi/catkin_ws/build/gazebo_ros_control/CMakeFiles/CMakeTmp

Run Build Command:"/usr/bin/make" "cmTC_7e487/fast"
/usr/bin/make -f CMakeFiles/cmTC_7e487.dir/build.make CMakeFiles/cmTC_7e487.dir/build
make[1]: Entering directory '/home/rvmi/catkin_ws/build/gazebo_ros_control/CMakeFiles/CMakeTmp'
Building C object CMakeFiles/cmTC_7e487.dir/CheckFunctionExists.c.o
/usr/bin/cc    -DCHECK_FUNCTION_EXISTS=pthread_create   -o CMakeFiles/cmTC_7e487.dir/CheckFunctionExists.c.o   -c /usr/share/cmake-3.5/Modules/CheckFunctionExists.c
Linking C executable cmTC_7e487
/usr/bin/cmake -E cmake_link_script CMakeFiles/cmTC_7e487.dir/link.txt --verbose=1
/usr/bin/cc   -DCHECK_FUNCTION_EXISTS=pthread_create    CMakeFiles/cmTC_7e487.dir/CheckFunctionExists.c.o  -o cmTC_7e487 -rdynamic -lpthreads 
/usr/bin/ld: cannot find -lpthreads
collect2: error: ld returned 1 exit status
CMakeFiles/cmTC_7e487.dir/build.make:97: recipe for target 'cmTC_7e487' failed
make[1]: *** [cmTC_7e487] Error 1
make[1]: Leaving directory '/home/rvmi/catkin_ws/build/gazebo_ros_control/CMakeFiles/CMakeTmp'
Makefile:126: recipe for target 'cmTC_7e487/fast' failed
make: *** [cmTC_7e487/fast] Error 2


