[  2%] Built target gazebo_ros_range
[  5%] Built target gazebo_ros_vacuum_gripper
[  7%] Built target gazebo_ros_template
[ 10%] Built target gazebo_ros_planar_move
[ 12%] Built target gazebo_ros_ft_sensor
[ 12%] Built target tf2_msgs_generate_messages_eus
[ 15%] Built target gazebo_ros_video
[ 17%] Built target gazebo_ros_hand_of_god
[ 20%] Built target gazebo_ros_utils
[ 20%] Built target diagnostic_msgs_generate_messages_nodejs
[ 20%] Built target polled_camera_generate_messages_py
[ 20%] Built target diagnostic_msgs_generate_messages_lisp
[ 20%] Built target diagnostic_msgs_generate_messages_eus
[ 20%] Built target polled_camera_generate_messages_cpp
[ 20%] Built target dynamic_reconfigure_generate_messages_py
[ 20%] Built target polled_camera_generate_messages_eus
[ 20%] Built target dynamic_reconfigure_generate_messages_nodejs
[ 20%] Built target dynamic_reconfigure_generate_messages_eus
[ 20%] Built target tf2_msgs_generate_messages_nodejs
[ 20%] Built target std_srvs_generate_messages_cpp
[ 20%] Built target geometry_msgs_generate_messages_lisp
[ 20%] Built target std_srvs_generate_messages_py
[ 20%] Built target geometry_msgs_generate_messages_py
[ 20%] Built target geometry_msgs_generate_messages_eus
[ 20%] Built target sensor_msgs_generate_messages_nodejs
[ 20%] Built target roscpp_generate_messages_cpp
[ 20%] Built target actionlib_generate_messages_cpp
[ 20%] Built target trajectory_msgs_generate_messages_eus
[ 20%] Built target roscpp_generate_messages_py
[ 20%] Built target trajectory_msgs_generate_messages_cpp
[ 20%] Built target polled_camera_generate_messages_nodejs
[ 20%] Built target dynamic_reconfigure_generate_messages_cpp
[ 20%] Built target polled_camera_generate_messages_lisp
[ 20%] Built target tf_generate_messages_py
[ 20%] Built target sensor_msgs_generate_messages_py
[ 20%] Built target nav_msgs_generate_messages_nodejs
[ 20%] Built target nodelet_generate_messages_py
[ 20%] Built target sensor_msgs_generate_messages_eus
[ 20%] Built target std_msgs_generate_messages_cpp
[ 20%] Built target actionlib_msgs_generate_messages_nodejs
[ 20%] Built target geometry_msgs_generate_messages_nodejs
[ 20%] Built target std_msgs_generate_messages_eus
[ 20%] Built target trajectory_msgs_generate_messages_py
[ 20%] Built target gazebo_msgs_generate_messages_py
[ 20%] Built target sensor_msgs_generate_messages_lisp
[ 20%] Built target gazebo_msgs_generate_messages_eus
[ 20%] Built target std_srvs_generate_messages_nodejs
[ 20%] Built target bond_generate_messages_py
[ 20%] Built target geometry_msgs_generate_messages_cpp
[ 20%] Built target nodelet_generate_messages_cpp
[ 20%] Built target nav_msgs_generate_messages_cpp
[ 20%] Built target dynamic_reconfigure_generate_messages_lisp
[ 20%] Built target actionlib_generate_messages_lisp
[ 20%] Built target std_msgs_generate_messages_nodejs
[ 20%] Built target gazebo_msgs_generate_messages_cpp
[ 20%] Built target bond_generate_messages_lisp
[ 20%] Built target roscpp_generate_messages_nodejs
[ 20%] Built target sensor_msgs_generate_messages_cpp
[ 20%] Built target std_srvs_generate_messages_eus
[ 20%] Built target diagnostic_msgs_generate_messages_py
[ 20%] Built target gazebo_msgs_generate_messages_lisp
[ 20%] Built target std_msgs_generate_messages_lisp
[ 20%] Built target bond_generate_messages_eus
[ 20%] Built target roscpp_generate_messages_lisp
[ 20%] Built target _catkin_empty_exported_target
[ 20%] Built target std_msgs_generate_messages_py
[ 20%] Built target gazebo_msgs_generate_messages_nodejs
[ 20%] Built target rosgraph_msgs_generate_messages_cpp
[ 20%] Built target std_srvs_generate_messages_lisp
[ 20%] Built target rosgraph_msgs_generate_messages_lisp
[ 20%] Built target nodelet_generate_messages_eus
[ 20%] Built target roscpp_generate_messages_eus
[ 20%] Built target nodelet_generate_messages_lisp
[ 20%] Built target rosgraph_msgs_generate_messages_nodejs
[ 20%] Built target rosgraph_msgs_generate_messages_eus
[ 20%] Built target rosgraph_msgs_generate_messages_py
[ 20%] Built target actionlib_msgs_generate_messages_eus
[ 20%] Built target nodelet_generate_messages_nodejs
[ 20%] Built target bond_generate_messages_cpp
[ 20%] Built target tf_generate_messages_eus
[ 20%] Built target actionlib_msgs_generate_messages_cpp
[ 20%] Built target trajectory_msgs_generate_messages_lisp
[ 20%] Built target trajectory_msgs_generate_messages_nodejs
[ 20%] Built target bond_generate_messages_nodejs
[ 20%] Built target nav_msgs_generate_messages_lisp
[ 20%] Built target nav_msgs_generate_messages_py
[ 20%] Built target actionlib_msgs_generate_messages_lisp
[ 20%] Built target tf_generate_messages_nodejs
[ 20%] Built target tf_generate_messages_lisp
[ 20%] Built target actionlib_msgs_generate_messages_py
[ 20%] Built target dynamic_reconfigure_gencfg
[ 20%] Built target tf2_msgs_generate_messages_lisp
[ 20%] Built target actionlib_generate_messages_nodejs
[ 20%] Built target actionlib_generate_messages_eus
[ 20%] Built target diagnostic_msgs_generate_messages_cpp
[ 20%] Built target actionlib_generate_messages_py
[ 20%] Built target tf_generate_messages_cpp
[ 20%] Built target tf2_msgs_generate_messages_py
[ 20%] Built target tf2_msgs_generate_messages_cpp
[ 20%] Built target nav_msgs_generate_messages_eus
[ 22%] Built target gazebo_ros_projector
[ 25%] Built target gazebo_ros_block_laser
[ 30%] Built target MultiCameraPlugin
[ 30%] Built target gazebo_ros_force
[ 32%] Built target gazebo_ros_laser
[ 35%] Built target gazebo_ros_imu
[ 37%] Built target gazebo_ros_tricycle_drive
[ 40%] Built target gazebo_ros_skid_steer_drive
[ 42%] Built target gazebo_ros_f3d
[ 45%] Built target gazebo_ros_imu_sensor
[ 50%] Built target gazebo_ros_joint_trajectory
[ 50%] Built target pub_joint_trajectory_test
[ 52%] Built target gazebo_ros_p3d
[ 57%] Built target gazebo_plugins_gencfg
[ 60%] Built target gazebo_ros_gpu_laser
[ 62%] Built target vision_reconfigure
[ 65%] Built target gazebo_ros_joint_pose_trajectory
[ 67%] Built target gazebo_ros_diff_drive
[ 70%] Built target gazebo_ros_joint_state_publisher
[ 72%] Built target gazebo_ros_bumper
[ 75%] Built target gazebo_ros_camera_utils
[ 77%] Built target hokuyo_node
[ 80%] Built target camera_synchronizer
[ 82%] Built target gazebo_ros_camera
[ 85%] Built target gazebo_ros_triggered_camera
[ 87%] Built target gazebo_ros_elevator
[ 90%] Built target gazebo_ros_prosilica
[ 92%] Built target gazebo_ros_depth_camera
[ 95%] Built target gazebo_ros_openni_kinect
[ 98%] Built target gazebo_ros_triggered_multicamera
[100%] Built target gazebo_ros_multicamera
