Determining if the pthread_create exist failed with the following output:
Change Dir: /home/rvmi/catkin_ws/build/vikit_py/CMakeFiles/CMakeTmp

Run Build Command:"/usr/bin/make" "cmTC_07d4b/fast"
/usr/bin/make -f CMakeFiles/cmTC_07d4b.dir/build.make CMakeFiles/cmTC_07d4b.dir/build
make[1]: Entering directory '/home/rvmi/catkin_ws/build/vikit_py/CMakeFiles/CMakeTmp'
Building C object CMakeFiles/cmTC_07d4b.dir/CheckSymbolExists.c.o
/usr/bin/cc     -o CMakeFiles/cmTC_07d4b.dir/CheckSymbolExists.c.o   -c /home/rvmi/catkin_ws/build/vikit_py/CMakeFiles/CMakeTmp/CheckSymbolExists.c
Linking C executable cmTC_07d4b
/usr/bin/cmake -E cmake_link_script CMakeFiles/cmTC_07d4b.dir/link.txt --verbose=1
/usr/bin/cc       CMakeFiles/cmTC_07d4b.dir/CheckSymbolExists.c.o  -o cmTC_07d4b -rdynamic 
CMakeFiles/cmTC_07d4b.dir/CheckSymbolExists.c.o: In function `main':
CheckSymbolExists.c:(.text+0x16): undefined reference to `pthread_create'
collect2: error: ld returned 1 exit status
CMakeFiles/cmTC_07d4b.dir/build.make:97: recipe for target 'cmTC_07d4b' failed
make[1]: *** [cmTC_07d4b] Error 1
make[1]: Leaving directory '/home/rvmi/catkin_ws/build/vikit_py/CMakeFiles/CMakeTmp'
Makefile:126: recipe for target 'cmTC_07d4b/fast' failed
make: *** [cmTC_07d4b/fast] Error 2

File /home/rvmi/catkin_ws/build/vikit_py/CMakeFiles/CMakeTmp/CheckSymbolExists.c:
/* */
#include <pthread.h>

int main(int argc, char** argv)
{
  (void)argv;
#ifndef pthread_create
  return ((int*)(&pthread_create))[argc];
#else
  (void)argc;
  return 0;
#endif
}

Determining if the function pthread_create exists in the pthreads failed with the following output:
Change Dir: /home/rvmi/catkin_ws/build/vikit_py/CMakeFiles/CMakeTmp

Run Build Command:"/usr/bin/make" "cmTC_cd286/fast"
/usr/bin/make -f CMakeFiles/cmTC_cd286.dir/build.make CMakeFiles/cmTC_cd286.dir/build
make[1]: Entering directory '/home/rvmi/catkin_ws/build/vikit_py/CMakeFiles/CMakeTmp'
Building C object CMakeFiles/cmTC_cd286.dir/CheckFunctionExists.c.o
/usr/bin/cc    -DCHECK_FUNCTION_EXISTS=pthread_create   -o CMakeFiles/cmTC_cd286.dir/CheckFunctionExists.c.o   -c /usr/share/cmake-3.5/Modules/CheckFunctionExists.c
Linking C executable cmTC_cd286
/usr/bin/cmake -E cmake_link_script CMakeFiles/cmTC_cd286.dir/link.txt --verbose=1
/usr/bin/cc   -DCHECK_FUNCTION_EXISTS=pthread_create    CMakeFiles/cmTC_cd286.dir/CheckFunctionExists.c.o  -o cmTC_cd286 -rdynamic -lpthreads 
/usr/bin/ld: cannot find -lpthreads
collect2: error: ld returned 1 exit status
CMakeFiles/cmTC_cd286.dir/build.make:97: recipe for target 'cmTC_cd286' failed
make[1]: *** [cmTC_cd286] Error 1
make[1]: Leaving directory '/home/rvmi/catkin_ws/build/vikit_py/CMakeFiles/CMakeTmp'
Makefile:126: recipe for target 'cmTC_cd286/fast' failed
make: *** [cmTC_cd286/fast] Error 2


