Determining if the pthread_create exist failed with the following output:
Change Dir: /home/rvmi/catkin_ws/build/mavros/CMakeFiles/CMakeTmp

Run Build Command:"/usr/bin/make" "cmTC_a7a3e/fast"
/usr/bin/make -f CMakeFiles/cmTC_a7a3e.dir/build.make CMakeFiles/cmTC_a7a3e.dir/build
make[1]: Entering directory '/home/rvmi/catkin_ws/build/mavros/CMakeFiles/CMakeTmp'
Building C object CMakeFiles/cmTC_a7a3e.dir/CheckSymbolExists.c.o
/usr/bin/cc     -o CMakeFiles/cmTC_a7a3e.dir/CheckSymbolExists.c.o   -c /home/rvmi/catkin_ws/build/mavros/CMakeFiles/CMakeTmp/CheckSymbolExists.c
Linking C executable cmTC_a7a3e
/usr/bin/cmake -E cmake_link_script CMakeFiles/cmTC_a7a3e.dir/link.txt --verbose=1
/usr/bin/cc       CMakeFiles/cmTC_a7a3e.dir/CheckSymbolExists.c.o  -o cmTC_a7a3e -rdynamic 
CMakeFiles/cmTC_a7a3e.dir/CheckSymbolExists.c.o: In function `main':
CheckSymbolExists.c:(.text+0x16): undefined reference to `pthread_create'
collect2: error: ld returned 1 exit status
CMakeFiles/cmTC_a7a3e.dir/build.make:97: recipe for target 'cmTC_a7a3e' failed
make[1]: *** [cmTC_a7a3e] Error 1
make[1]: Leaving directory '/home/rvmi/catkin_ws/build/mavros/CMakeFiles/CMakeTmp'
Makefile:126: recipe for target 'cmTC_a7a3e/fast' failed
make: *** [cmTC_a7a3e/fast] Error 2

File /home/rvmi/catkin_ws/build/mavros/CMakeFiles/CMakeTmp/CheckSymbolExists.c:
/* */
#include <pthread.h>

int main(int argc, char** argv)
{
  (void)argv;
#ifndef pthread_create
  return ((int*)(&pthread_create))[argc];
#else
  (void)argc;
  return 0;
#endif
}

Determining if the function pthread_create exists in the pthreads failed with the following output:
Change Dir: /home/rvmi/catkin_ws/build/mavros/CMakeFiles/CMakeTmp

Run Build Command:"/usr/bin/make" "cmTC_facf4/fast"
/usr/bin/make -f CMakeFiles/cmTC_facf4.dir/build.make CMakeFiles/cmTC_facf4.dir/build
make[1]: Entering directory '/home/rvmi/catkin_ws/build/mavros/CMakeFiles/CMakeTmp'
Building C object CMakeFiles/cmTC_facf4.dir/CheckFunctionExists.c.o
/usr/bin/cc    -DCHECK_FUNCTION_EXISTS=pthread_create   -o CMakeFiles/cmTC_facf4.dir/CheckFunctionExists.c.o   -c /usr/share/cmake-3.5/Modules/CheckFunctionExists.c
Linking C executable cmTC_facf4
/usr/bin/cmake -E cmake_link_script CMakeFiles/cmTC_facf4.dir/link.txt --verbose=1
/usr/bin/cc   -DCHECK_FUNCTION_EXISTS=pthread_create    CMakeFiles/cmTC_facf4.dir/CheckFunctionExists.c.o  -o cmTC_facf4 -rdynamic -lpthreads 
/usr/bin/ld: cannot find -lpthreads
collect2: error: ld returned 1 exit status
CMakeFiles/cmTC_facf4.dir/build.make:97: recipe for target 'cmTC_facf4' failed
make[1]: *** [cmTC_facf4] Error 1
make[1]: Leaving directory '/home/rvmi/catkin_ws/build/mavros/CMakeFiles/CMakeTmp'
Makefile:126: recipe for target 'cmTC_facf4/fast' failed
make: *** [cmTC_facf4/fast] Error 2


