Determining if the pthread_create exist failed with the following output:
Change Dir: /home/rvmi/catkin_ws/build/spacenav_node/CMakeFiles/CMakeTmp

Run Build Command:"/usr/bin/make" "cmTC_a2ebc/fast"
/usr/bin/make -f CMakeFiles/cmTC_a2ebc.dir/build.make CMakeFiles/cmTC_a2ebc.dir/build
make[1]: Entering directory '/home/rvmi/catkin_ws/build/spacenav_node/CMakeFiles/CMakeTmp'
Building C object CMakeFiles/cmTC_a2ebc.dir/CheckSymbolExists.c.o
/usr/bin/cc     -o CMakeFiles/cmTC_a2ebc.dir/CheckSymbolExists.c.o   -c /home/rvmi/catkin_ws/build/spacenav_node/CMakeFiles/CMakeTmp/CheckSymbolExists.c
Linking C executable cmTC_a2ebc
/usr/bin/cmake -E cmake_link_script CMakeFiles/cmTC_a2ebc.dir/link.txt --verbose=1
/usr/bin/cc       CMakeFiles/cmTC_a2ebc.dir/CheckSymbolExists.c.o  -o cmTC_a2ebc -rdynamic 
CMakeFiles/cmTC_a2ebc.dir/CheckSymbolExists.c.o: In function `main':
CheckSymbolExists.c:(.text+0x16): undefined reference to `pthread_create'
collect2: error: ld returned 1 exit status
CMakeFiles/cmTC_a2ebc.dir/build.make:97: recipe for target 'cmTC_a2ebc' failed
make[1]: *** [cmTC_a2ebc] Error 1
make[1]: Leaving directory '/home/rvmi/catkin_ws/build/spacenav_node/CMakeFiles/CMakeTmp'
Makefile:126: recipe for target 'cmTC_a2ebc/fast' failed
make: *** [cmTC_a2ebc/fast] Error 2

File /home/rvmi/catkin_ws/build/spacenav_node/CMakeFiles/CMakeTmp/CheckSymbolExists.c:
/* */
#include <pthread.h>

int main(int argc, char** argv)
{
  (void)argv;
#ifndef pthread_create
  return ((int*)(&pthread_create))[argc];
#else
  (void)argc;
  return 0;
#endif
}

Determining if the function pthread_create exists in the pthreads failed with the following output:
Change Dir: /home/rvmi/catkin_ws/build/spacenav_node/CMakeFiles/CMakeTmp

Run Build Command:"/usr/bin/make" "cmTC_4dc73/fast"
/usr/bin/make -f CMakeFiles/cmTC_4dc73.dir/build.make CMakeFiles/cmTC_4dc73.dir/build
make[1]: Entering directory '/home/rvmi/catkin_ws/build/spacenav_node/CMakeFiles/CMakeTmp'
Building C object CMakeFiles/cmTC_4dc73.dir/CheckFunctionExists.c.o
/usr/bin/cc    -DCHECK_FUNCTION_EXISTS=pthread_create   -o CMakeFiles/cmTC_4dc73.dir/CheckFunctionExists.c.o   -c /usr/share/cmake-3.5/Modules/CheckFunctionExists.c
Linking C executable cmTC_4dc73
/usr/bin/cmake -E cmake_link_script CMakeFiles/cmTC_4dc73.dir/link.txt --verbose=1
/usr/bin/cc   -DCHECK_FUNCTION_EXISTS=pthread_create    CMakeFiles/cmTC_4dc73.dir/CheckFunctionExists.c.o  -o cmTC_4dc73 -rdynamic -lpthreads 
/usr/bin/ld: cannot find -lpthreads
collect2: error: ld returned 1 exit status
CMakeFiles/cmTC_4dc73.dir/build.make:97: recipe for target 'cmTC_4dc73' failed
make[1]: *** [cmTC_4dc73] Error 1
make[1]: Leaving directory '/home/rvmi/catkin_ws/build/spacenav_node/CMakeFiles/CMakeTmp'
Makefile:126: recipe for target 'cmTC_4dc73/fast' failed
make: *** [cmTC_4dc73/fast] Error 2


