[36m--[0m Eigen found (include: /usr/include/eigen3)
[36m--[0m Boost version: 1.58.0
[36m--[0m Found the following Boost libraries:
[36m--[0m   system
[36m--[0m   filesystem
[36m--[0m Using CATKIN_DEVEL_PREFIX: /home/rvmi/catkin_ws/devel/.private/rpg_open_remode
[36m--[0m Using CMAKE_PREFIX_PATH: /home/rvmi/catkin_ws/devel;/opt/ros/kinetic
[36m--[0m This workspace overlays: /home/rvmi/catkin_ws/devel;/opt/ros/kinetic
[36m--[0m Using PYTHON_EXECUTABLE: /usr/bin/python
[36m--[0m Using Debian Python package layout
[36m--[0m Using empy: /usr/bin/empy
[36m--[0m Using CATKIN_ENABLE_TESTING: ON
[36m--[0m Call enable_testing()
[36m--[0m Using CATKIN_TEST_RESULTS_DIR: /home/rvmi/catkin_ws/build/rpg_open_remode/test_results
[36m--[0m Found gtest: gtests will be built
[36m--[0m Using Python nosetests: /usr/bin/nosetests-2.7
[36m--[0m catkin 0.7.11
[36m--[0m Using these message generators: gencpp;geneus;genlisp;gennodejs;genpy
[36m--[0m Configuring done
[36m--[0m Generating done
[36m--[0m Build files have been written to: /home/rvmi/catkin_ws/build/rpg_open_remode
