Linked: (/home/rvmi/catkin_ws/devel/.private/svo_msgs/lib/python2.7/dist-packages/svo_msgs/__init__.py, /home/rvmi/catkin_ws/devel/lib/python2.7/dist-packages/svo_msgs/__init__.py)
Linked: (/home/rvmi/catkin_ws/devel/.private/svo_msgs/lib/python2.7/dist-packages/svo_msgs/msg/_Info.py, /home/rvmi/catkin_ws/devel/lib/python2.7/dist-packages/svo_msgs/msg/_Info.py)
Linked: (/home/rvmi/catkin_ws/devel/.private/svo_msgs/lib/python2.7/dist-packages/svo_msgs/msg/_DenseInput.py, /home/rvmi/catkin_ws/devel/lib/python2.7/dist-packages/svo_msgs/msg/_DenseInput.py)
Linked: (/home/rvmi/catkin_ws/devel/.private/svo_msgs/lib/python2.7/dist-packages/svo_msgs/msg/_NbvTrajectory.py, /home/rvmi/catkin_ws/devel/lib/python2.7/dist-packages/svo_msgs/msg/_NbvTrajectory.py)
Linked: (/home/rvmi/catkin_ws/devel/.private/svo_msgs/lib/python2.7/dist-packages/svo_msgs/msg/__init__.py, /home/rvmi/catkin_ws/devel/lib/python2.7/dist-packages/svo_msgs/msg/__init__.py)
Linked: (/home/rvmi/catkin_ws/devel/.private/svo_msgs/lib/python2.7/dist-packages/svo_msgs/msg/_Feature.py, /home/rvmi/catkin_ws/devel/lib/python2.7/dist-packages/svo_msgs/msg/_Feature.py)
Linked: (/home/rvmi/catkin_ws/devel/.private/svo_msgs/lib/pkgconfig/svo_msgs.pc, /home/rvmi/catkin_ws/devel/lib/pkgconfig/svo_msgs.pc)
Linked: (/home/rvmi/catkin_ws/devel/.private/svo_msgs/share/gennodejs/ros/svo_msgs/_index.js, /home/rvmi/catkin_ws/devel/share/gennodejs/ros/svo_msgs/_index.js)
Linked: (/home/rvmi/catkin_ws/devel/.private/svo_msgs/share/gennodejs/ros/svo_msgs/msg/Feature.js, /home/rvmi/catkin_ws/devel/share/gennodejs/ros/svo_msgs/msg/Feature.js)
Linked: (/home/rvmi/catkin_ws/devel/.private/svo_msgs/share/gennodejs/ros/svo_msgs/msg/NbvTrajectory.js, /home/rvmi/catkin_ws/devel/share/gennodejs/ros/svo_msgs/msg/NbvTrajectory.js)
Linked: (/home/rvmi/catkin_ws/devel/.private/svo_msgs/share/gennodejs/ros/svo_msgs/msg/Info.js, /home/rvmi/catkin_ws/devel/share/gennodejs/ros/svo_msgs/msg/Info.js)
Linked: (/home/rvmi/catkin_ws/devel/.private/svo_msgs/share/gennodejs/ros/svo_msgs/msg/DenseInput.js, /home/rvmi/catkin_ws/devel/share/gennodejs/ros/svo_msgs/msg/DenseInput.js)
Linked: (/home/rvmi/catkin_ws/devel/.private/svo_msgs/share/gennodejs/ros/svo_msgs/msg/_index.js, /home/rvmi/catkin_ws/devel/share/gennodejs/ros/svo_msgs/msg/_index.js)
Linked: (/home/rvmi/catkin_ws/devel/.private/svo_msgs/share/svo_msgs/cmake/svo_msgsConfig-version.cmake, /home/rvmi/catkin_ws/devel/share/svo_msgs/cmake/svo_msgsConfig-version.cmake)
Linked: (/home/rvmi/catkin_ws/devel/.private/svo_msgs/share/svo_msgs/cmake/svo_msgs-msg-extras.cmake, /home/rvmi/catkin_ws/devel/share/svo_msgs/cmake/svo_msgs-msg-extras.cmake)
Linked: (/home/rvmi/catkin_ws/devel/.private/svo_msgs/share/svo_msgs/cmake/svo_msgs-msg-paths.cmake, /home/rvmi/catkin_ws/devel/share/svo_msgs/cmake/svo_msgs-msg-paths.cmake)
Linked: (/home/rvmi/catkin_ws/devel/.private/svo_msgs/share/svo_msgs/cmake/svo_msgsConfig.cmake, /home/rvmi/catkin_ws/devel/share/svo_msgs/cmake/svo_msgsConfig.cmake)
Linked: (/home/rvmi/catkin_ws/devel/.private/svo_msgs/share/common-lisp/ros/svo_msgs/msg/Feature.lisp, /home/rvmi/catkin_ws/devel/share/common-lisp/ros/svo_msgs/msg/Feature.lisp)
Linked: (/home/rvmi/catkin_ws/devel/.private/svo_msgs/share/common-lisp/ros/svo_msgs/msg/Info.lisp, /home/rvmi/catkin_ws/devel/share/common-lisp/ros/svo_msgs/msg/Info.lisp)
Linked: (/home/rvmi/catkin_ws/devel/.private/svo_msgs/share/common-lisp/ros/svo_msgs/msg/_package_NbvTrajectory.lisp, /home/rvmi/catkin_ws/devel/share/common-lisp/ros/svo_msgs/msg/_package_NbvTrajectory.lisp)
Linked: (/home/rvmi/catkin_ws/devel/.private/svo_msgs/share/common-lisp/ros/svo_msgs/msg/svo_msgs-msg.asd, /home/rvmi/catkin_ws/devel/share/common-lisp/ros/svo_msgs/msg/svo_msgs-msg.asd)
Linked: (/home/rvmi/catkin_ws/devel/.private/svo_msgs/share/common-lisp/ros/svo_msgs/msg/_package_Feature.lisp, /home/rvmi/catkin_ws/devel/share/common-lisp/ros/svo_msgs/msg/_package_Feature.lisp)
Linked: (/home/rvmi/catkin_ws/devel/.private/svo_msgs/share/common-lisp/ros/svo_msgs/msg/DenseInput.lisp, /home/rvmi/catkin_ws/devel/share/common-lisp/ros/svo_msgs/msg/DenseInput.lisp)
Linked: (/home/rvmi/catkin_ws/devel/.private/svo_msgs/share/common-lisp/ros/svo_msgs/msg/NbvTrajectory.lisp, /home/rvmi/catkin_ws/devel/share/common-lisp/ros/svo_msgs/msg/NbvTrajectory.lisp)
Linked: (/home/rvmi/catkin_ws/devel/.private/svo_msgs/share/common-lisp/ros/svo_msgs/msg/_package_DenseInput.lisp, /home/rvmi/catkin_ws/devel/share/common-lisp/ros/svo_msgs/msg/_package_DenseInput.lisp)
Linked: (/home/rvmi/catkin_ws/devel/.private/svo_msgs/share/common-lisp/ros/svo_msgs/msg/_package_Info.lisp, /home/rvmi/catkin_ws/devel/share/common-lisp/ros/svo_msgs/msg/_package_Info.lisp)
Linked: (/home/rvmi/catkin_ws/devel/.private/svo_msgs/share/common-lisp/ros/svo_msgs/msg/_package.lisp, /home/rvmi/catkin_ws/devel/share/common-lisp/ros/svo_msgs/msg/_package.lisp)
Linked: (/home/rvmi/catkin_ws/devel/.private/svo_msgs/share/roseus/ros/svo_msgs/manifest.l, /home/rvmi/catkin_ws/devel/share/roseus/ros/svo_msgs/manifest.l)
Linked: (/home/rvmi/catkin_ws/devel/.private/svo_msgs/share/roseus/ros/svo_msgs/msg/NbvTrajectory.l, /home/rvmi/catkin_ws/devel/share/roseus/ros/svo_msgs/msg/NbvTrajectory.l)
Linked: (/home/rvmi/catkin_ws/devel/.private/svo_msgs/share/roseus/ros/svo_msgs/msg/DenseInput.l, /home/rvmi/catkin_ws/devel/share/roseus/ros/svo_msgs/msg/DenseInput.l)
Linked: (/home/rvmi/catkin_ws/devel/.private/svo_msgs/share/roseus/ros/svo_msgs/msg/Feature.l, /home/rvmi/catkin_ws/devel/share/roseus/ros/svo_msgs/msg/Feature.l)
Linked: (/home/rvmi/catkin_ws/devel/.private/svo_msgs/share/roseus/ros/svo_msgs/msg/Info.l, /home/rvmi/catkin_ws/devel/share/roseus/ros/svo_msgs/msg/Info.l)
Linked: (/home/rvmi/catkin_ws/devel/.private/svo_msgs/include/svo_msgs/Info.h, /home/rvmi/catkin_ws/devel/include/svo_msgs/Info.h)
Linked: (/home/rvmi/catkin_ws/devel/.private/svo_msgs/include/svo_msgs/NbvTrajectory.h, /home/rvmi/catkin_ws/devel/include/svo_msgs/NbvTrajectory.h)
Linked: (/home/rvmi/catkin_ws/devel/.private/svo_msgs/include/svo_msgs/DenseInput.h, /home/rvmi/catkin_ws/devel/include/svo_msgs/DenseInput.h)
Linked: (/home/rvmi/catkin_ws/devel/.private/svo_msgs/include/svo_msgs/Feature.h, /home/rvmi/catkin_ws/devel/include/svo_msgs/Feature.h)
