[33m[1mCMake Warning[0m at /opt/ros/kinetic/share/catkin/cmake/catkinConfig.cmake:76 (find_package):
  Could not find a package configuration file provided by
  "controller_manager" with any of the following names:

    controller_managerConfig.cmake
    controller_manager-config.cmake

  Add the installation prefix of "controller_manager" to CMAKE_PREFIX_PATH or
  set "controller_manager_DIR" to a directory containing one of the above
  files.  If "controller_manager" provides a separate development package or
  SDK, be sure it has been installed.
[36mCall Stack (most recent call first):[0m
  CMakeLists.txt:5 (find_package)


[31m[1mCMake Error[0m at /opt/ros/kinetic/share/catkin/cmake/catkinConfig.cmake:83 (find_package):
  Could not find a package configuration file provided by
  "controller_manager" with any of the following names:

    controller_managerConfig.cmake
    controller_manager-config.cmake

  Add the installation prefix of "controller_manager" to CMAKE_PREFIX_PATH or
  set "controller_manager_DIR" to a directory containing one of the above
  files.  If "controller_manager" provides a separate development package or
  SDK, be sure it has been installed.
[36mCall Stack (most recent call first):[0m
  CMakeLists.txt:5 (find_package)


