Determining if the pthread_create exist failed with the following output:
Change Dir: /home/rvmi/catkin_ws/build/gazebo_ros/CMakeFiles/CMakeTmp

Run Build Command:"/usr/bin/make" "cmTC_a80ea/fast"
/usr/bin/make -f CMakeFiles/cmTC_a80ea.dir/build.make CMakeFiles/cmTC_a80ea.dir/build
make[1]: Entering directory '/home/rvmi/catkin_ws/build/gazebo_ros/CMakeFiles/CMakeTmp'
Building C object CMakeFiles/cmTC_a80ea.dir/CheckSymbolExists.c.o
/usr/bin/cc     -o CMakeFiles/cmTC_a80ea.dir/CheckSymbolExists.c.o   -c /home/rvmi/catkin_ws/build/gazebo_ros/CMakeFiles/CMakeTmp/CheckSymbolExists.c
Linking C executable cmTC_a80ea
/usr/bin/cmake -E cmake_link_script CMakeFiles/cmTC_a80ea.dir/link.txt --verbose=1
/usr/bin/cc       CMakeFiles/cmTC_a80ea.dir/CheckSymbolExists.c.o  -o cmTC_a80ea -rdynamic 
CMakeFiles/cmTC_a80ea.dir/CheckSymbolExists.c.o: In function `main':
CheckSymbolExists.c:(.text+0x16): undefined reference to `pthread_create'
collect2: error: ld returned 1 exit status
CMakeFiles/cmTC_a80ea.dir/build.make:97: recipe for target 'cmTC_a80ea' failed
make[1]: *** [cmTC_a80ea] Error 1
make[1]: Leaving directory '/home/rvmi/catkin_ws/build/gazebo_ros/CMakeFiles/CMakeTmp'
Makefile:126: recipe for target 'cmTC_a80ea/fast' failed
make: *** [cmTC_a80ea/fast] Error 2

File /home/rvmi/catkin_ws/build/gazebo_ros/CMakeFiles/CMakeTmp/CheckSymbolExists.c:
/* */
#include <pthread.h>

int main(int argc, char** argv)
{
  (void)argv;
#ifndef pthread_create
  return ((int*)(&pthread_create))[argc];
#else
  (void)argc;
  return 0;
#endif
}

Determining if the function pthread_create exists in the pthreads failed with the following output:
Change Dir: /home/rvmi/catkin_ws/build/gazebo_ros/CMakeFiles/CMakeTmp

Run Build Command:"/usr/bin/make" "cmTC_a3c31/fast"
/usr/bin/make -f CMakeFiles/cmTC_a3c31.dir/build.make CMakeFiles/cmTC_a3c31.dir/build
make[1]: Entering directory '/home/rvmi/catkin_ws/build/gazebo_ros/CMakeFiles/CMakeTmp'
Building C object CMakeFiles/cmTC_a3c31.dir/CheckFunctionExists.c.o
/usr/bin/cc    -DCHECK_FUNCTION_EXISTS=pthread_create   -o CMakeFiles/cmTC_a3c31.dir/CheckFunctionExists.c.o   -c /usr/share/cmake-3.5/Modules/CheckFunctionExists.c
Linking C executable cmTC_a3c31
/usr/bin/cmake -E cmake_link_script CMakeFiles/cmTC_a3c31.dir/link.txt --verbose=1
/usr/bin/cc   -DCHECK_FUNCTION_EXISTS=pthread_create    CMakeFiles/cmTC_a3c31.dir/CheckFunctionExists.c.o  -o cmTC_a3c31 -rdynamic -lpthreads 
/usr/bin/ld: cannot find -lpthreads
collect2: error: ld returned 1 exit status
CMakeFiles/cmTC_a3c31.dir/build.make:97: recipe for target 'cmTC_a3c31' failed
make[1]: *** [cmTC_a3c31] Error 1
make[1]: Leaving directory '/home/rvmi/catkin_ws/build/gazebo_ros/CMakeFiles/CMakeTmp'
Makefile:126: recipe for target 'cmTC_a3c31/fast' failed
make: *** [cmTC_a3c31/fast] Error 2


