[01m[K/home/rvmi/catkin_ws/src/pcl_tutorial/src/normals.cpp:[m[K In function ‘[01m[Kvoid callback(const ConstPtr&)[m[K’:
[01m[K/home/rvmi/catkin_ws/src/pcl_tutorial/src/normals.cpp:20:70:[m[K [01;35m[Kwarning: [m[Ktoo many arguments for format [-Wformat-extra-args]
   printf ("Cloud: width = 640, height = 480", msg->width, msg->height);
[01;32m[K                                                                      ^[m[K
[01m[K/home/rvmi/catkin_ws/src/pcl_tutorial/src/normals.cpp:[m[K At global scope:
[01m[K/home/rvmi/catkin_ws/src/pcl_tutorial/src/normals.cpp:39:3:[m[K [01;31m[Kerror: [m[K‘[01m[Kne[m[K’ does not name a type
   ne.setInputCloud(cloud);
[01;32m[K   ^[m[K
[01m[K/home/rvmi/catkin_ws/src/pcl_tutorial/src/normals.cpp:44:3:[m[K [01;31m[Kerror: [m[K‘[01m[Kne[m[K’ does not name a type
   ne.setSearchMethod (tree);
[01;32m[K   ^[m[K
[01m[K/home/rvmi/catkin_ws/src/pcl_tutorial/src/normals.cpp:50:3:[m[K [01;31m[Kerror: [m[K‘[01m[Kne[m[K’ does not name a type
   ne.setRadiusSearch (0.03);
[01;32m[K   ^[m[K
[01m[K/home/rvmi/catkin_ws/src/pcl_tutorial/src/normals.cpp:53:3:[m[K [01;31m[Kerror: [m[K‘[01m[Kne[m[K’ does not name a type
   ne.compute (*cloud_normals);
[01;32m[K   ^[m[K
[01m[K/home/rvmi/catkin_ws/src/pcl_tutorial/src/normals.cpp:56:1:[m[K [01;31m[Kerror: [m[Kexpected declaration before ‘[01m[K}[m[K’ token
 }
[01;32m[K ^[m[K
make[2]: *** [CMakeFiles/normals.dir/src/normals.cpp.o] Error 1
make[1]: *** [CMakeFiles/normals.dir/all] Error 2
make: *** [all] Error 2
