Determining if the pthread_create exist failed with the following output:
Change Dir: /home/rvmi/catkin_ws/build/pcl_tutorial/CMakeFiles/CMakeTmp

Run Build Command:"/usr/bin/make" "cmTC_eedb3/fast"
/usr/bin/make -f CMakeFiles/cmTC_eedb3.dir/build.make CMakeFiles/cmTC_eedb3.dir/build
make[1]: Entering directory '/home/rvmi/catkin_ws/build/pcl_tutorial/CMakeFiles/CMakeTmp'
Building C object CMakeFiles/cmTC_eedb3.dir/CheckSymbolExists.c.o
/usr/bin/cc     -o CMakeFiles/cmTC_eedb3.dir/CheckSymbolExists.c.o   -c /home/rvmi/catkin_ws/build/pcl_tutorial/CMakeFiles/CMakeTmp/CheckSymbolExists.c
Linking C executable cmTC_eedb3
/usr/bin/cmake -E cmake_link_script CMakeFiles/cmTC_eedb3.dir/link.txt --verbose=1
/usr/bin/cc       CMakeFiles/cmTC_eedb3.dir/CheckSymbolExists.c.o  -o cmTC_eedb3 -rdynamic 
CMakeFiles/cmTC_eedb3.dir/CheckSymbolExists.c.o: In function `main':
CheckSymbolExists.c:(.text+0x16): undefined reference to `pthread_create'
collect2: error: ld returned 1 exit status
CMakeFiles/cmTC_eedb3.dir/build.make:97: recipe for target 'cmTC_eedb3' failed
make[1]: *** [cmTC_eedb3] Error 1
make[1]: Leaving directory '/home/rvmi/catkin_ws/build/pcl_tutorial/CMakeFiles/CMakeTmp'
Makefile:126: recipe for target 'cmTC_eedb3/fast' failed
make: *** [cmTC_eedb3/fast] Error 2

File /home/rvmi/catkin_ws/build/pcl_tutorial/CMakeFiles/CMakeTmp/CheckSymbolExists.c:
/* */
#include <pthread.h>

int main(int argc, char** argv)
{
  (void)argv;
#ifndef pthread_create
  return ((int*)(&pthread_create))[argc];
#else
  (void)argc;
  return 0;
#endif
}

Determining if the function pthread_create exists in the pthreads failed with the following output:
Change Dir: /home/rvmi/catkin_ws/build/pcl_tutorial/CMakeFiles/CMakeTmp

Run Build Command:"/usr/bin/make" "cmTC_4d18d/fast"
/usr/bin/make -f CMakeFiles/cmTC_4d18d.dir/build.make CMakeFiles/cmTC_4d18d.dir/build
make[1]: Entering directory '/home/rvmi/catkin_ws/build/pcl_tutorial/CMakeFiles/CMakeTmp'
Building C object CMakeFiles/cmTC_4d18d.dir/CheckFunctionExists.c.o
/usr/bin/cc    -DCHECK_FUNCTION_EXISTS=pthread_create   -o CMakeFiles/cmTC_4d18d.dir/CheckFunctionExists.c.o   -c /usr/share/cmake-3.5/Modules/CheckFunctionExists.c
Linking C executable cmTC_4d18d
/usr/bin/cmake -E cmake_link_script CMakeFiles/cmTC_4d18d.dir/link.txt --verbose=1
/usr/bin/cc   -DCHECK_FUNCTION_EXISTS=pthread_create    CMakeFiles/cmTC_4d18d.dir/CheckFunctionExists.c.o  -o cmTC_4d18d -rdynamic -lpthreads 
/usr/bin/ld: cannot find -lpthreads
collect2: error: ld returned 1 exit status
CMakeFiles/cmTC_4d18d.dir/build.make:97: recipe for target 'cmTC_4d18d' failed
make[1]: *** [cmTC_4d18d] Error 1
make[1]: Leaving directory '/home/rvmi/catkin_ws/build/pcl_tutorial/CMakeFiles/CMakeTmp'
Makefile:126: recipe for target 'cmTC_4d18d/fast' failed
make: *** [cmTC_4d18d/fast] Error 2


