[35m[1mScanning dependencies of target svo[0m
[  3%] [32mBuilding CXX object CMakeFiles/svo.dir/src/frame_handler_mono.cpp.o[0m
[  6%] [32mBuilding CXX object CMakeFiles/svo.dir/src/frame_handler_base.cpp.o[0m
[ 10%] [32mBuilding CXX object CMakeFiles/svo.dir/src/frame.cpp.o[0m
[ 13%] [32mBuilding CXX object CMakeFiles/svo.dir/src/point.cpp.o[0m
[ 17%] [32mBuilding CXX object CMakeFiles/svo.dir/src/map.cpp.o[0m
[ 20%] [32mBuilding CXX object CMakeFiles/svo.dir/src/pose_optimizer.cpp.o[0m
[ 24%] [32mBuilding CXX object CMakeFiles/svo.dir/src/initialization.cpp.o[0m
[ 27%] [32mBuilding CXX object CMakeFiles/svo.dir/src/matcher.cpp.o[0m
[ 31%] [32mBuilding CXX object CMakeFiles/svo.dir/src/reprojector.cpp.o[0m
[ 34%] [32mBuilding CXX object CMakeFiles/svo.dir/src/feature_alignment.cpp.o[0m
[ 37%] [32mBuilding CXX object CMakeFiles/svo.dir/src/feature_detection.cpp.o[0m
[ 41%] [32mBuilding CXX object CMakeFiles/svo.dir/src/depth_filter.cpp.o[0m
[ 44%] [32mBuilding CXX object CMakeFiles/svo.dir/src/config.cpp.o[0m
[ 48%] [32mBuilding CXX object CMakeFiles/svo.dir/src/sparse_img_align.cpp.o[0m
[ 51%] [32m[1mLinking CXX shared library /home/rvmi/catkin_ws/devel/.private/svo/lib/libsvo.so[0m
[ 51%] Built target svo
[35m[1mScanning dependencies of target test_feature_detection[0m
[35m[1mScanning dependencies of target test_pipeline[0m
[35m[1mScanning dependencies of target test_feature_align[0m
[35m[1mScanning dependencies of target test_sparse_img_align[0m
[35m[1mScanning dependencies of target test_depth_filter[0m
[35m[1mScanning dependencies of target test_pose_optimizer[0m
[ 55%] [32mBuilding CXX object CMakeFiles/test_feature_detection.dir/test/test_feature_detection.cpp.o[0m
[ 58%] [32mBuilding CXX object CMakeFiles/test_feature_align.dir/test/test_feature_alignment.cpp.o[0m
[ 62%] [32mBuilding CXX object CMakeFiles/test_depth_filter.dir/test/test_depth_filter.cpp.o[0m
[ 65%] [32mBuilding CXX object CMakeFiles/test_pose_optimizer.dir/test/test_pose_optimizer.cpp.o[0m
[ 68%] [32mBuilding CXX object CMakeFiles/test_pipeline.dir/test/test_pipeline.cpp.o[0m
[ 72%] [32mBuilding CXX object CMakeFiles/test_sparse_img_align.dir/test/test_sparse_img_align.cpp.o[0m
[35m[1mScanning dependencies of target test_matcher[0m
[ 75%] [32mBuilding CXX object CMakeFiles/test_matcher.dir/test/test_matcher.cpp.o[0m
[ 79%] [32m[1mLinking CXX executable /home/rvmi/catkin_ws/devel/.private/svo/lib/svo/test_feature_align[0m
[ 79%] Built target test_feature_align
[ 82%] [32m[1mLinking CXX executable /home/rvmi/catkin_ws/devel/.private/svo/lib/svo/test_pipeline[0m
[ 86%] [32m[1mLinking CXX executable /home/rvmi/catkin_ws/devel/.private/svo/lib/svo/test_feature_detection[0m
[ 86%] Built target test_pipeline
[ 86%] Built target test_feature_detection
[ 89%] [32m[1mLinking CXX executable /home/rvmi/catkin_ws/devel/.private/svo/lib/svo/test_matcher[0m
[ 93%] [32m[1mLinking CXX executable /home/rvmi/catkin_ws/devel/.private/svo/lib/svo/test_pose_optimizer[0m
[ 96%] [32m[1mLinking CXX executable /home/rvmi/catkin_ws/devel/.private/svo/lib/svo/test_sparse_img_align[0m
[ 96%] Built target test_matcher
[ 96%] Built target test_pose_optimizer
[ 96%] Built target test_sparse_img_align
[100%] [32m[1mLinking CXX executable /home/rvmi/catkin_ws/devel/.private/svo/lib/svo/test_depth_filter[0m
[100%] Built target test_depth_filter
